QCARJava/app/build/outputs/logs/manifest-merger-release-report.txt
-- Merging decision tree log ---
manifest
ADDED from AndroidManifest.xml:2:1
	package
		ADDED from AndroidManifest.xml:3:5
		INJECTED from AndroidManifest.xml:0:0
		INJECTED from AndroidManifest.xml:0:0
	android:versionName
		ADDED from AndroidManifest.xml:7:5
		INJECTED from AndroidManifest.xml:0:0
		INJECTED from AndroidManifest.xml:0:0
	android:versionCode
		ADDED from AndroidManifest.xml:6:5
		INJECTED from AndroidManifest.xml:0:0
		INJECTED from AndroidManifest.xml:0:0
	xmlns:android
		ADDED from AndroidManifest.xml:2:11
	android:installLocation
		ADDED from AndroidManifest.xml:4:5
	android:theme
		ADDED from AndroidManifest.xml:5:5
uses-sdk
ADDED from AndroidManifest.xml:9:5
MERGED from com.android.support:support-v4:22.2.1:20:5
MERGED from com.android.support:appcompat-v7:22.2.1:20:5
MERGED from com.android.support:support-v4:22.2.1:20:5
MERGED from com.github.paolorotolo:appintro:3.2.0:7:5
MERGED from com.android.support:support-v4:22.2.1:20:5
MERGED from com.android.support:appcompat-v7:22.2.1:20:5
MERGED from com.android.support:support-v4:22.2.1:20:5
MERGED from com.android.support:recyclerview-v7:22.2.1:20:5
MERGED from com.android.support:support-v4:22.2.1:20:5
MERGED from com.android.support:cardview-v7:22.2.1:20:5
	android:targetSdkVersion
		ADDED from AndroidManifest.xml:11:9
		INJECTED from AndroidManifest.xml:0:0
		INJECTED from AndroidManifest.xml:0:0
	android:minSdkVersion
		ADDED from AndroidManifest.xml:10:9
		INJECTED from AndroidManifest.xml:0:0
		INJECTED from AndroidManifest.xml:0:0
uses-feature#android.hardware.camera
ADDED from AndroidManifest.xml:13:5
	android:name
		ADDED from AndroidManifest.xml:13:19
supports-screens
ADDED from AndroidManifest.xml:15:5
	android:largeScreens
		ADDED from AndroidManifest.xml:17:9
	android:smallScreens
		ADDED from AndroidManifest.xml:19:9
	android:normalScreens
		ADDED from AndroidManifest.xml:18:9
	android:xlargeScreens
		ADDED from AndroidManifest.xml:20:9
	android:anyDensity
		ADDED from AndroidManifest.xml:16:9
uses-permission#android.permission.INTERNET
ADDED from AndroidManifest.xml:22:5
	android:name
		ADDED from AndroidManifest.xml:22:22
uses-permission#android.permission.CAMERA
ADDED from AndroidManifest.xml:23:5
	android:name
		ADDED from AndroidManifest.xml:23:22
uses-permission#android.permission.ACCESS_NETWORK_STATE
ADDED from AndroidManifest.xml:24:5
	android:name
		ADDED from AndroidManifest.xml:24:22
uses-permission#android.permission.WRITE_EXTERNAL_STORAGE
ADDED from AndroidManifest.xml:25:5
	android:name
		ADDED from AndroidManifest.xml:25:22
uses-feature#0x00020000
ADDED from AndroidManifest.xml:27:5
	android:glEsVersion
		ADDED from AndroidManifest.xml:27:19
uses-feature#android.hardware.camera.autofocus
ADDED from AndroidManifest.xml:28:5
	android:required
		ADDED from AndroidManifest.xml:30:9
	android:name
		ADDED from AndroidManifest.xml:29:9
uses-feature#android.hardware.camera.front
ADDED from AndroidManifest.xml:31:5
	android:required
		ADDED from AndroidManifest.xml:33:9
	android:name
		ADDED from AndroidManifest.xml:32:9
uses-feature#android.hardware.touchscreen
ADDED from AndroidManifest.xml:34:5
	android:required
		ADDED from AndroidManifest.xml:36:9
	android:name
		ADDED from AndroidManifest.xml:35:9
uses-feature#android.hardware.touchscreen.multitouch
ADDED from AndroidManifest.xml:37:5
	android:required
		ADDED from AndroidManifest.xml:39:9
	android:name
		ADDED from AndroidManifest.xml:38:9
uses-feature#android.hardware.touchscreen.multitouch.distinct
ADDED from AndroidManifest.xml:40:5
	android:required
		ADDED from AndroidManifest.xml:42:9
	android:name
		ADDED from AndroidManifest.xml:41:9
android:uses-permission#android.permission.READ_PHONE_STATE
ADDED from AndroidManifest.xml:43:5
	android:name
		ADDED from AndroidManifest.xml:43:30
android:uses-permission#android.permission.READ_EXTERNAL_STORAGE
ADDED from AndroidManifest.xml:44:5
	android:maxSdkVersion
		ADDED from AndroidManifest.xml:44:86
	android:name
		ADDED from AndroidManifest.xml:44:30
application
ADDED from AndroidManifest.xml:45:5
MERGED from com.android.support:support-v4:22.2.1:22:5
MERGED from com.android.support:appcompat-v7:22.2.1:22:5
MERGED from com.android.support:support-v4:22.2.1:22:5
MERGED from com.android.support:support-v4:22.2.1:22:5
MERGED from com.android.support:appcompat-v7:22.2.1:22:5
MERGED from com.android.support:support-v4:22.2.1:22:5
MERGED from com.android.support:support-v4:22.2.1:22:5
MERGED from com.android.support:cardview-v7:22.2.1:22:5
	android:label
		ADDED from AndroidManifest.xml:47:9
	android:icon
		ADDED from AndroidManifest.xml:46:9
	android:theme
		ADDED from AndroidManifest.xml:48:9
activity#com.thesyedahmed.aresume.MainActivity
ADDED from AndroidManifest.xml:50:9
	android:process
		ADDED from AndroidManifest.xml:55:13
	android:screenOrientation
		ADDED from AndroidManifest.xml:56:13
	android:label
		ADDED from AndroidManifest.xml:53:13
	android:launchMode
		ADDED from AndroidManifest.xml:54:13
	android:configChanges
		ADDED from AndroidManifest.xml:52:13
	android:name
		ADDED from AndroidManifest.xml:51:13
intent-filter#android.intent.action.MAIN+android.intent.category.LAUNCHER
ADDED from AndroidManifest.xml:57:13
action#android.intent.action.MAIN
ADDED from AndroidManifest.xml:58:17
	android:name
		ADDED from AndroidManifest.xml:58:25
category#android.intent.category.LAUNCHER
ADDED from AndroidManifest.xml:60:17
	android:name
		ADDED from AndroidManifest.xml:60:27
meta-data#unityplayer.UnityActivity
ADDED from AndroidManifest.xml:63:13
	android:value
		ADDED from AndroidManifest.xml:65:17
	android:name
		ADDED from AndroidManifest.xml:64:17
meta-data#unityplayer.ForwardNativeEventsToDalvik
ADDED from AndroidManifest.xml:66:13
	android:value
		ADDED from AndroidManifest.xml:68:17
	android:name
		ADDED from AndroidManifest.xml:67:17
activity#com.thesyedahmed.aresume.AppIntroductionActivity
ADDED from AndroidManifest.xml:70:9
	android:parentActivityName
		ADDED from AndroidManifest.xml:73:13
	android:theme
		ADDED from AndroidManifest.xml:72:13
	android:name
		ADDED from AndroidManifest.xml:71:13
activity#com.thesyedahmed.aresume.WebPageActivity
ADDED from AndroidManifest.xml:75:9
	android:parentActivityName
		ADDED from AndroidManifest.xml:79:13
	android:configChanges
		ADDED from AndroidManifest.xml:78:13
	android:theme
		ADDED from AndroidManifest.xml:76:13
	android:name
		ADDED from AndroidManifest.xml:77:13
activity#com.thesyedahmed.aresume.AboutActivity
ADDED from AndroidManifest.xml:81:9
	android:label
		ADDED from AndroidManifest.xml:84:13
	android:parentActivityName
		ADDED from AndroidManifest.xml:85:13
	android:theme
		ADDED from AndroidManifest.xml:83:13
	android:name
		ADDED from AndroidManifest.xml:82:13
activity#com.thesyedahmed.aresume.ProjectsActivity
ADDED from AndroidManifest.xml:87:9
	android:label
		ADDED from AndroidManifest.xml:90:13
	android:parentActivityName
		ADDED from AndroidManifest.xml:91:13
	android:theme
		ADDED from AndroidManifest.xml:89:13
	android:name
		ADDED from AndroidManifest.xml:88:13
activity#com.thesyedahmed.aresume.RocReadARActivity
ADDED from AndroidManifest.xml:93:9
	android:parentActivityName
		ADDED from AndroidManifest.xml:96:13
	android:theme
		ADDED from AndroidManifest.xml:95:13
	android:name
		ADDED from AndroidManifest.xml:94:13